<?xml version="1.0" encoding="UTF-8"?>
<!-- Generated by org.testng.reporters.JUnitReportReporter -->
<testsuite skipped="0" hostname="sumans-MacBook-Pro.local" name="org.eggtimer.tests.Sanity" tests="1" failures="0" timestamp="2020-08-27T13:51:49 CEST" time="6.428" errors="0">
  <testcase name="morningTimerTest" time="6.428" classname="org.eggtimer.tests.Sanity"/>
  <system-out/>
</testsuite> <!-- org.eggtimer.tests.Sanity -->
